Looking to launch executable "/opt/conda/bin/bwa-meme_mode2.avx512bw", simd = _mode2.avx512bw
Launching executable "/opt/conda/bin/bwa-meme_mode2.avx512bw"
-----------------------------
Executing in AVX512 mode!!
-----------------------------
* SA compression enabled with xfactor: 8
* Ref file: reference.genbank.Sor.fasta
* Entering FMI_search
Reading other elements of the index from files reference.genbank.Sor.fasta
* Index prefix: reference.genbank.Sor.fasta
* Read 0 ALT contigs
* Reading reference genome..
* Binary seq file = reference.genbank.Sor.fasta.0123
* Reference genome size: 2685325284 bp
* Done reading reference genome !!

------------------------------------------
1. Memory pre-allocation for Chaining: 5679.4903 MB
2. Memory pre-allocation for BSW: 9584.6810 MB
[M::memoryAllocLearned::MEME] Reading Learned-index models into memory
[Learned-Config] MODE:2 SEARCH_METHOD: 1 MEM_TRADEOFF:0 EXPONENTIAL_SMEMSEARCH: 1 DEBUG_MODE:0 Num 2nd Models:268435456 PWL Bits Used:28
[M::memoryAllocLearned::MEME] Loading RMI model and Pac reference file took 18.675 sec
[M::memoryAllocLearned::MEME] Reading suffix array into memory
[M::memoryAllocLearned::MEME] Loading pos_packed file took 31.942 sec
[M::memoryAllocLearned::MEME] Generating SA and 64-bit Suffix in memory
[M::memoryAllocLearned::MEME] Runtime-build-index took 20.336 sec
3. Memory pre-allocation for BWT: 35552.6194 MB
------------------------------------------
* Threads used (compute): 40
* No. of pipeline threads: 2

[0000] read_chunk: 400000000, work_chunk_size: 121098941, nseq: 1123014
	[0000][ M::kt_pipeline] read 1123014 sequences (121098941 bp)...
[0000] Calling mem_process_seqs.., task: 0
[0000] 1. Calling kt_for - worker_bwt
[0000] read_chunk: 400000000, work_chunk_size: 0, nseq: 0
[0000] 2. Calling kt_for - worker_aln
[0000] Inferring insert size distribution of PE reads from data, l_pac: 1342662642, n: 1123014
[0000][PE] # candidate unique pairs for (FF, FR, RF, RR): (11, 389876, 12, 10)
[0000][PE] analyzing insert size distribution for orientation FF...
[0000][PE] (25, 50, 75) percentile: (95, 166, 306)
[0000][PE] low and high boundaries for computing mean and std.dev: (1, 728)
[0000][PE] mean and std.dev: (178.73, 118.11)
[0000][PE] low and high boundaries for proper pairs: (1, 939)
[0000][PE] analyzing insert size distribution for orientation FR...
[0000][PE] (25, 50, 75) percentile: (76, 112, 164)
[0000][PE] low and high boundaries for computing mean and std.dev: (1, 340)
[0000][PE] mean and std.dev: (125.43, 64.23)
[0000][PE] low and high boundaries for proper pairs: (1, 428)
[0000][PE] analyzing insert size distribution for orientation RF...
[0000][PE] (25, 50, 75) percentile: (32, 207, 278)
[0000][PE] low and high boundaries for computing mean and std.dev: (1, 770)
[0000][PE] mean and std.dev: (163.75, 123.60)
[0000][PE] low and high boundaries for proper pairs: (1, 1016)
[0000][PE] analyzing insert size distribution for orientation RR...
[0000][PE] (25, 50, 75) percentile: (118, 126, 149)
[0000][PE] low and high boundaries for computing mean and std.dev: (56, 211)
[0000][PE] mean and std.dev: (119.50, 20.89)
[0000][PE] low and high boundaries for proper pairs: (25, 242)
[0000][PE] skip orientation FF
[0000][PE] skip orientation RF
[0000][PE] skip orientation RR
[0000] 3. Calling kt_for - worker_sam
	[0000][ M::mem_process_seqs] Processed 1123014 reads in 165.731 CPU sec, 4.565 real sec
[0000] read_chunk: 400000000, work_chunk_size: 0, nseq: 0
[0000] Computation ends..
No. of OMP threads: 40
Processor is running @2394.699672 MHz
Runtime profile:

	Time taken for main_mem function: 71.32 sec

	IO times (sec) :
	Reading IO time (reads) avg: 4.69, (4.69, 4.69)
	Writing IO time (SAM) avg: 1.04, (1.04, 1.04)
	Reading IO time (Reference Genome) avg: 2.26, (2.26, 2.26)
	Index read time avg: 0.32, (0.32, 0.32)

	Overall time (sec) (Excluding Index reading time):
	PROCESS() (Total compute time + (read + SAM) IO time) : 68.72
	MEM_PROCESS_SEQ() (Total compute time (Kernel + SAM)), avg: 4.56, (4.56, 4.56)

	 SAM Processing time (sec):
	--WORKER_SAM avg: 1.14, (1.14, 1.14)

	Kernels' compute time (sec):
	Total kernel (smem+sal+bsw) time avg: 3.30, (3.30, 3.30)
		MEM_ALN_CHAIN_FLT avg: 0.00, (0.00, 0.00)
		MEM_ALN_CHAIN_SEED avg: 0.00, (0.00, 0.00)
		ERT_SEED_CHAIN avg: 0.00, (0.00, 0.00)
	LEARNED_SEED_CHAIN avg: 1.49, (1.52, 1.47)
		SMEM compute avg: 0.00, (0.00, 0.00)
		SAL compute avg: 0.00, (0.00, 0.00)
				MEM_SA avg: 0.00, (0.00, 0.00)

		BSW time, avg: 1.65, (1.70, 1.59)

Important parameter settings: 
	BATCH_SIZE: 512
	MAX_SEQ_LEN_REF: 256
	MAX_SEQ_LEN_QER: 128
	MAX_SEQ_LEN8: 128
	SEEDS_PER_READ: 500
	SIMD_WIDTH8 X: 64
	SIMD_WIDTH16 X: 32
	AVG_SEEDS_PER_READ: 64
