Looking to launch executable "/opt/conda/bin/bwa-meme_mode2.avx512bw", simd = _mode2.avx512bw
Launching executable "/opt/conda/bin/bwa-meme_mode2.avx512bw"
-----------------------------
Executing in AVX512 mode!!
-----------------------------
* SA compression enabled with xfactor: 8
* Ref file: reference.genbank.Sor.fasta
* Entering FMI_search
Reading other elements of the index from files reference.genbank.Sor.fasta
* Index prefix: reference.genbank.Sor.fasta
* Read 0 ALT contigs
* Reading reference genome..
* Binary seq file = reference.genbank.Sor.fasta.0123
* Reference genome size: 2685325284 bp
* Done reading reference genome !!

------------------------------------------
1. Memory pre-allocation for Chaining: 5679.4903 MB
2. Memory pre-allocation for BSW: 9584.6810 MB
[M::memoryAllocLearned::MEME] Reading Learned-index models into memory
[Learned-Config] MODE:2 SEARCH_METHOD: 1 MEM_TRADEOFF:0 EXPONENTIAL_SMEMSEARCH: 1 DEBUG_MODE:0 Num 2nd Models:268435456 PWL Bits Used:28
[M::memoryAllocLearned::MEME] Loading RMI model and Pac reference file took 19.211 sec
[M::memoryAllocLearned::MEME] Reading suffix array into memory
[M::memoryAllocLearned::MEME] Loading pos_packed file took 32.118 sec
[M::memoryAllocLearned::MEME] Generating SA and 64-bit Suffix in memory
[M::memoryAllocLearned::MEME] Runtime-build-index took 20.252 sec
3. Memory pre-allocation for BWT: 35552.6194 MB
------------------------------------------
* Threads used (compute): 40
* No. of pipeline threads: 2

[0000] read_chunk: 400000000, work_chunk_size: 205161219, nseq: 1915346
	[0000][ M::kt_pipeline] read 1915346 sequences (205161219 bp)...
[0000] Calling mem_process_seqs.., task: 0
[0000] 1. Calling kt_for - worker_bwt
[0000] read_chunk: 400000000, work_chunk_size: 0, nseq: 0
[0000] 2. Calling kt_for - worker_aln
[0000] Inferring insert size distribution of PE reads from data, l_pac: 1342662642, n: 1915346
[0000][PE] # candidate unique pairs for (FF, FR, RF, RR): (16, 669162, 15, 30)
[0000][PE] analyzing insert size distribution for orientation FF...
[0000][PE] (25, 50, 75) percentile: (123, 204, 424)
[0000][PE] low and high boundaries for computing mean and std.dev: (1, 1026)
[0000][PE] mean and std.dev: (286.50, 253.02)
[0000][PE] low and high boundaries for proper pairs: (1, 1327)
[0000][PE] analyzing insert size distribution for orientation FR...
[0000][PE] (25, 50, 75) percentile: (73, 112, 171)
[0000][PE] low and high boundaries for computing mean and std.dev: (1, 367)
[0000][PE] mean and std.dev: (128.79, 71.29)
[0000][PE] low and high boundaries for proper pairs: (1, 465)
[0000][PE] analyzing insert size distribution for orientation RF...
[0000][PE] (25, 50, 75) percentile: (12, 238, 595)
[0000][PE] low and high boundaries for computing mean and std.dev: (1, 1761)
[0000][PE] mean and std.dev: (175.25, 198.18)
[0000][PE] low and high boundaries for proper pairs: (1, 2344)
[0000][PE] analyzing insert size distribution for orientation RR...
[0000][PE] (25, 50, 75) percentile: (90, 123, 162)
[0000][PE] low and high boundaries for computing mean and std.dev: (1, 306)
[0000][PE] mean and std.dev: (112.04, 63.31)
[0000][PE] low and high boundaries for proper pairs: (1, 378)
[0000][PE] skip orientation FF
[0000][PE] skip orientation RF
[0000][PE] skip orientation RR
[0000] 3. Calling kt_for - worker_sam
	[0000][ M::mem_process_seqs] Processed 1915346 reads in 288.822 CPU sec, 7.813 real sec
[0000] read_chunk: 400000000, work_chunk_size: 0, nseq: 0
[0000] Computation ends..
No. of OMP threads: 40
Processor is running @2394.717840 MHz
Runtime profile:

	Time taken for main_mem function: 77.08 sec

	IO times (sec) :
	Reading IO time (reads) avg: 6.35, (6.35, 6.35)
	Writing IO time (SAM) avg: 1.55, (1.55, 1.55)
	Reading IO time (Reference Genome) avg: 2.36, (2.36, 2.36)
	Index read time avg: 0.30, (0.30, 0.30)

	Overall time (sec) (Excluding Index reading time):
	PROCESS() (Total compute time + (read + SAM) IO time) : 74.40
	MEM_PROCESS_SEQ() (Total compute time (Kernel + SAM)), avg: 7.81, (7.81, 7.81)

	 SAM Processing time (sec):
	--WORKER_SAM avg: 1.98, (1.98, 1.98)

	Kernels' compute time (sec):
	Total kernel (smem+sal+bsw) time avg: 5.61, (5.61, 5.61)
		MEM_ALN_CHAIN_FLT avg: 0.00, (0.00, 0.00)
		MEM_ALN_CHAIN_SEED avg: 0.00, (0.00, 0.00)
		ERT_SEED_CHAIN avg: 0.00, (0.00, 0.00)
	LEARNED_SEED_CHAIN avg: 2.56, (2.63, 2.54)
		SMEM compute avg: 0.00, (0.00, 0.00)
		SAL compute avg: 0.00, (0.00, 0.00)
				MEM_SA avg: 0.00, (0.00, 0.00)

		BSW time, avg: 2.77, (2.84, 2.72)

Important parameter settings: 
	BATCH_SIZE: 512
	MAX_SEQ_LEN_REF: 256
	MAX_SEQ_LEN_QER: 128
	MAX_SEQ_LEN8: 128
	SEEDS_PER_READ: 500
	SIMD_WIDTH8 X: 64
	SIMD_WIDTH16 X: 32
	AVG_SEEDS_PER_READ: 64
