[2023-01-30 10:47:49,982] multiqc                                            [DEBUG  ]  This is MultiQC v1.13
[2023-01-30 10:47:49,983] multiqc                                            [DEBUG  ]  Command used: /opt/conda/bin/multiqc -v -p -ip -f --data-dir --data-format tsv --filename 2nd_fastp_report --outdir fq_fp1_clmp_fp2 fq_fp1_clmp_fp2
[2023-01-30 10:47:50,575] multiqc                                            [WARNING]  MultiQC Version v1.14 now available!
[2023-01-30 10:47:50,575] multiqc                                            [DEBUG  ]  Working dir : /home/e1garcia/shotgun_PIRE/pire_lcwgs_data_processing/sphaeramia_orbicularis
[2023-01-30 10:47:50,575] multiqc                                            [DEBUG  ]  Template    : default
[2023-01-30 10:47:50,575] multiqc                                            [DEBUG  ]  Running Python 3.9.12 (main, Aug 29 2022, 00:54:58)  [GCC 11.2.0]
[2023-01-30 10:47:50,576] multiqc                                            [DEBUG  ]  Analysing modules: custom_content, ccs, ngsderive, purple, conpair, lima, peddy, somalier, methylQA, mosdepth, phantompeakqualtools, qualimap, preseq, quast, qorts, rna_seqc, rockhopper, rsem, rseqc, busco, bustools, goleft_indexcov, gffcompare, disambiguate, supernova, deeptools, sargasso, verifybamid, mirtrace, happy, mirtop, sambamba, homer, hops, macs2, theta2, snpeff, gatk, htseq, bcftools, featureCounts, fgbio, dragen, dedup, pbmarkdup, damageprofiler, biobambam2, jcvi, mtnucratio, picard, vep, sentieon, prokka, qc3C, nanostat, samblaster, samtools, sexdeterrmine, eigenstratdatabasetools, bamtools, jellyfish, vcftools, longranger, stacks, varscan2, snippy, bbmap, bismark, biscuit, hicexplorer, hicup, hicpro, salmon, kallisto, slamdunk, star, hisat2, tophat, bowtie2, bowtie1, snpsplit, odgi, pangolin, kat, leehom, adapterRemoval, clipandmerge, cutadapt, flexbar, kaiju, kraken, malt, trimmomatic, sickle, skewer, sortmerna, biobloomtools, fastq_screen, afterqc, fastp, fastqc, pychopper, pycoqc, minionqc, multivcfanalyzer, clusterflow, checkqc, bcl2fastq, bclconvert, interop, ivar, flash, seqyclean, optitype, whatshap
[2023-01-30 10:47:50,576] multiqc                                            [DEBUG  ]  Using temporary directory for creating report: /tmp/tmp13j_oh3f
[2023-01-30 10:47:50,723] multiqc                                            [INFO   ]  Search path : /home/e1garcia/shotgun_PIRE/pire_lcwgs_data_processing/sphaeramia_orbicularis/fq_fp1_clmp_fp2
[2023-01-30 10:48:22,998] multiqc                                            [DEBUG  ]  Summary of files that were skipped by the search: [skipped_module_specific_max_filesize: 1326] // [skipped_no_match: 1105] // [skipped_ignore_pattern: 884]
[2023-01-30 10:48:23,376] multiqc.plots.bargraph                             [DEBUG  ]  Using matplotlib version 3.1.2
[2023-01-30 10:48:23,377] multiqc.plots.linegraph                            [DEBUG  ]  Using matplotlib version 3.1.2
[2023-01-30 10:48:23,378] multiqc                                            [DEBUG  ]  No samples found: custom_content
[2023-01-30 10:48:24,324] multiqc.modules.fastp.fastp                        [INFO   ]  Found 221 reports
[2023-01-30 10:49:22,998] multiqc                                            [INFO   ]  Compressing plot data
[2023-01-30 10:49:39,647] multiqc                                            [INFO   ]  Report      : fq_fp1_clmp_fp2/2nd_fastp_report.html
[2023-01-30 10:49:39,647] multiqc                                            [INFO   ]  Data        : fq_fp1_clmp_fp2/2nd_fastp_report_data
[2023-01-30 10:49:39,647] multiqc                                            [DEBUG  ]  Moving data file from '/tmp/tmp13j_oh3f/multiqc_data' to 'fq_fp1_clmp_fp2/2nd_fastp_report_data'
[2023-01-30 10:49:41,306] multiqc                                            [INFO   ]  Plots       : fq_fp1_clmp_fp2/2nd_fastp_report_plots
[2023-01-30 10:49:41,306] multiqc                                            [DEBUG  ]  Moving plots directory from '/tmp/tmp13j_oh3f/multiqc_plots' to 'fq_fp1_clmp_fp2/2nd_fastp_report_plots'
[2023-01-30 10:49:41,763] multiqc                                            [INFO   ]  MultiQC complete
