Looking to launch executable "/opt/conda/bin/bwa-meme_mode2.avx512bw", simd = _mode2.avx512bw
Launching executable "/opt/conda/bin/bwa-meme_mode2.avx512bw"
-----------------------------
Executing in AVX512 mode!!
-----------------------------
* SA compression enabled with xfactor: 8
* Ref file: reference.genbank.Sor.fasta
* Entering FMI_search
Reading other elements of the index from files reference.genbank.Sor.fasta
* Index prefix: reference.genbank.Sor.fasta
* Read 0 ALT contigs
* Reading reference genome..
* Binary seq file = reference.genbank.Sor.fasta.0123
* Reference genome size: 2685325284 bp
* Done reading reference genome !!

------------------------------------------
1. Memory pre-allocation for Chaining: 5679.4903 MB
2. Memory pre-allocation for BSW: 9584.6810 MB
[M::memoryAllocLearned::MEME] Reading Learned-index models into memory
[Learned-Config] MODE:2 SEARCH_METHOD: 1 MEM_TRADEOFF:0 EXPONENTIAL_SMEMSEARCH: 1 DEBUG_MODE:0 Num 2nd Models:268435456 PWL Bits Used:28
[M::memoryAllocLearned::MEME] Loading RMI model and Pac reference file took 18.846 sec
[M::memoryAllocLearned::MEME] Reading suffix array into memory
[M::memoryAllocLearned::MEME] Loading pos_packed file took 31.810 sec
[M::memoryAllocLearned::MEME] Generating SA and 64-bit Suffix in memory
[M::memoryAllocLearned::MEME] Runtime-build-index took 20.259 sec
3. Memory pre-allocation for BWT: 35552.6194 MB
------------------------------------------
* Threads used (compute): 40
* No. of pipeline threads: 2

[0000] read_chunk: 400000000, work_chunk_size: 338407697, nseq: 3036014
	[0000][ M::kt_pipeline] read 3036014 sequences (338407697 bp)...
[0000] Reallocating initial memory allocations!!
[0000] read_chunk: 400000000, work_chunk_size: 0, nseq: 0
[0000] Calling mem_process_seqs.., task: 0
[0000] 1. Calling kt_for - worker_bwt
[0000] 2. Calling kt_for - worker_aln
[0000] Inferring insert size distribution of PE reads from data, l_pac: 1342662642, n: 3036014
[0000][PE] # candidate unique pairs for (FF, FR, RF, RR): (18, 1071872, 25, 17)
[0000][PE] analyzing insert size distribution for orientation FF...
[0000][PE] (25, 50, 75) percentile: (37, 102, 116)
[0000][PE] low and high boundaries for computing mean and std.dev: (1, 274)
[0000][PE] mean and std.dev: (88.22, 55.86)
[0000][PE] low and high boundaries for proper pairs: (1, 353)
[0000][PE] analyzing insert size distribution for orientation FR...
[0000][PE] (25, 50, 75) percentile: (82, 116, 163)
[0000][PE] low and high boundaries for computing mean and std.dev: (1, 325)
[0000][PE] mean and std.dev: (127.02, 59.53)
[0000][PE] low and high boundaries for proper pairs: (1, 406)
[0000][PE] analyzing insert size distribution for orientation RF...
[0000][PE] (25, 50, 75) percentile: (166, 359, 1243)
[0000][PE] low and high boundaries for computing mean and std.dev: (1, 3397)
[0000][PE] mean and std.dev: (600.80, 541.59)
[0000][PE] low and high boundaries for proper pairs: (1, 4474)
[0000][PE] analyzing insert size distribution for orientation RR...
[0000][PE] (25, 50, 75) percentile: (36, 115, 157)
[0000][PE] low and high boundaries for computing mean and std.dev: (1, 399)
[0000][PE] mean and std.dev: (112.76, 80.46)
[0000][PE] low and high boundaries for proper pairs: (1, 520)
[0000][PE] skip orientation FF
[0000][PE] skip orientation RF
[0000][PE] skip orientation RR
[0000] 3. Calling kt_for - worker_sam
	[0000][ M::mem_process_seqs] Processed 3036014 reads in 417.657 CPU sec, 11.109 real sec
[0000] read_chunk: 400000000, work_chunk_size: 0, nseq: 0
[0000] Computation ends..
No. of OMP threads: 40
Processor is running @2394.718688 MHz
Runtime profile:

	Time taken for main_mem function: 86.88 sec

	IO times (sec) :
	Reading IO time (reads) avg: 10.61, (10.61, 10.61)
	Writing IO time (SAM) avg: 2.15, (2.15, 2.15)
	Reading IO time (Reference Genome) avg: 2.33, (2.33, 2.33)
	Index read time avg: 0.35, (0.35, 0.35)

	Overall time (sec) (Excluding Index reading time):
	PROCESS() (Total compute time + (read + SAM) IO time) : 84.19
	MEM_PROCESS_SEQ() (Total compute time (Kernel + SAM)), avg: 11.11, (11.11, 11.11)

	 SAM Processing time (sec):
	--WORKER_SAM avg: 2.71, (2.71, 2.71)

	Kernels' compute time (sec):
	Total kernel (smem+sal+bsw) time avg: 8.07, (8.07, 8.07)
		MEM_ALN_CHAIN_FLT avg: 0.00, (0.00, 0.00)
		MEM_ALN_CHAIN_SEED avg: 0.00, (0.00, 0.00)
		ERT_SEED_CHAIN avg: 0.00, (0.00, 0.00)
	LEARNED_SEED_CHAIN avg: 3.72, (3.77, 3.70)
		SMEM compute avg: 0.00, (0.00, 0.00)
		SAL compute avg: 0.00, (0.00, 0.00)
				MEM_SA avg: 0.00, (0.00, 0.00)

		BSW time, avg: 4.05, (4.10, 3.98)

Important parameter settings: 
	BATCH_SIZE: 512
	MAX_SEQ_LEN_REF: 256
	MAX_SEQ_LEN_QER: 128
	MAX_SEQ_LEN8: 128
	SEEDS_PER_READ: 500
	SIMD_WIDTH8 X: 64
	SIMD_WIDTH16 X: 32
	AVG_SEEDS_PER_READ: 64
