[2023-02-04 21:11:48,614] multiqc                                            [DEBUG  ]  This is MultiQC v1.13
[2023-02-04 21:11:48,615] multiqc                                            [DEBUG  ]  Command used: /opt/conda/bin/multiqc -v -p -ip -f --data-dir --data-format tsv --filename fqscrn_mqc --outdir fq_fp1_clmp_fp2_fqscrn fq_fp1_clmp_fp2_fqscrn
[2023-02-04 21:11:49,138] multiqc                                            [WARNING]  MultiQC Version v1.14 now available!
[2023-02-04 21:11:49,138] multiqc                                            [DEBUG  ]  Working dir : /home/e1garcia/shotgun_PIRE/pire_lcwgs_data_processing/sphaeramia_orbicularis
[2023-02-04 21:11:49,138] multiqc                                            [DEBUG  ]  Template    : default
[2023-02-04 21:11:49,138] multiqc                                            [DEBUG  ]  Running Python 3.9.12 (main, Aug 29 2022, 00:54:58)  [GCC 11.2.0]
[2023-02-04 21:11:49,139] multiqc                                            [DEBUG  ]  Analysing modules: custom_content, ccs, ngsderive, purple, conpair, lima, peddy, somalier, methylQA, mosdepth, phantompeakqualtools, qualimap, preseq, quast, qorts, rna_seqc, rockhopper, rsem, rseqc, busco, bustools, goleft_indexcov, gffcompare, disambiguate, supernova, deeptools, sargasso, verifybamid, mirtrace, happy, mirtop, sambamba, homer, hops, macs2, theta2, snpeff, gatk, htseq, bcftools, featureCounts, fgbio, dragen, dedup, pbmarkdup, damageprofiler, biobambam2, jcvi, mtnucratio, picard, vep, sentieon, prokka, qc3C, nanostat, samblaster, samtools, sexdeterrmine, eigenstratdatabasetools, bamtools, jellyfish, vcftools, longranger, stacks, varscan2, snippy, bbmap, bismark, biscuit, hicexplorer, hicup, hicpro, salmon, kallisto, slamdunk, star, hisat2, tophat, bowtie2, bowtie1, snpsplit, odgi, pangolin, kat, leehom, adapterRemoval, clipandmerge, cutadapt, flexbar, kaiju, kraken, malt, trimmomatic, sickle, skewer, sortmerna, biobloomtools, fastq_screen, afterqc, fastp, fastqc, pychopper, pycoqc, minionqc, multivcfanalyzer, clusterflow, checkqc, bcl2fastq, bclconvert, interop, ivar, flash, seqyclean, optitype, whatshap
[2023-02-04 21:11:49,139] multiqc                                            [DEBUG  ]  Using temporary directory for creating report: /tmp/tmpu62b2287
[2023-02-04 21:11:49,288] multiqc                                            [INFO   ]  Search path : /home/e1garcia/shotgun_PIRE/pire_lcwgs_data_processing/sphaeramia_orbicularis/fq_fp1_clmp_fp2_fqscrn
[2023-02-04 21:16:15,747] multiqc                                            [DEBUG  ]  Summary of files that were skipped by the search: [skipped_module_specific_max_filesize: 5744] // [skipped_no_match: 1778] // [skipped_ignore_pattern: 887]
[2023-02-04 21:16:16,304] multiqc.plots.bargraph                             [DEBUG  ]  Using matplotlib version 3.1.2
[2023-02-04 21:16:16,306] multiqc.plots.linegraph                            [DEBUG  ]  Using matplotlib version 3.1.2
[2023-02-04 21:16:16,344] multiqc.modules.custom_content.custom_content      [INFO   ]  fqscrn: Found 1 sample (html)
[2023-02-04 21:16:16,351] multiqc.modules.snippy.snippy                      [INFO   ]  Found 3 reports
[2023-02-04 21:16:16,351] multiqc.plots.bargraph                             [WARNING]  Tried to make bar plot, but had no data: snippy_variants
[2023-02-04 21:16:16,908] multiqc.modules.fastq_screen.fastq_screen          [INFO   ]  Found 440 reports
[2023-02-04 21:17:08,863] multiqc                                            [INFO   ]  Compressing plot data
[2023-02-04 21:17:08,971] multiqc                                            [WARNING]  Deleting    : fq_fp1_clmp_fp2_fqscrn/fqscrn_mqc.html   (-f was specified)
[2023-02-04 21:17:08,976] multiqc                                            [WARNING]  Deleting    : fq_fp1_clmp_fp2_fqscrn/fqscrn_mqc_data   (-f was specified)
[2023-02-04 21:17:08,991] multiqc                                            [WARNING]  Deleting    : fq_fp1_clmp_fp2_fqscrn/fqscrn_mqc_plots   (-f was specified)
[2023-02-04 21:17:09,008] multiqc                                            [INFO   ]  Report      : fq_fp1_clmp_fp2_fqscrn/fqscrn_mqc.html
[2023-02-04 21:17:09,008] multiqc                                            [INFO   ]  Data        : fq_fp1_clmp_fp2_fqscrn/fqscrn_mqc_data
[2023-02-04 21:17:09,008] multiqc                                            [DEBUG  ]  Moving data file from '/tmp/tmpu62b2287/multiqc_data' to 'fq_fp1_clmp_fp2_fqscrn/fqscrn_mqc_data'
[2023-02-04 21:17:09,040] multiqc                                            [INFO   ]  Plots       : fq_fp1_clmp_fp2_fqscrn/fqscrn_mqc_plots
[2023-02-04 21:17:09,040] multiqc                                            [DEBUG  ]  Moving plots directory from '/tmp/tmpu62b2287/multiqc_plots' to 'fq_fp1_clmp_fp2_fqscrn/fqscrn_mqc_plots'
[2023-02-04 21:17:09,264] multiqc                                            [INFO   ]  MultiQC complete
