[2024-06-26 20:50:37,358] multiqc                                            [DEBUG  ]  This is MultiQC v1.13
[2024-06-26 20:50:37,360] multiqc                                            [DEBUG  ]  Found command line config: {'max_table_rows': 3000}
[2024-06-26 20:50:37,361] multiqc                                            [DEBUG  ]  New config: {'max_table_rows': 3000}
[2024-06-26 20:50:37,361] multiqc                                            [DEBUG  ]  Command used: /opt/conda/bin/multiqc -v -p -ip -f --data-dir --data-format tsv --cl-config max_table_rows: 3000 --filename 2nd_fastp_report --outdir fq_fp1_clmp_fp2 fq_fp1_clmp_fp2
[2024-06-26 20:50:37,814] multiqc                                            [WARNING]  MultiQC Version v1.22.3 now available!
[2024-06-26 20:50:37,814] multiqc                                            [DEBUG  ]  Working dir : /archive/carpenterlab/pire/pire_sphaeramia_orbicularis_lcwgs/2nd_sequencing_run
[2024-06-26 20:50:37,814] multiqc                                            [DEBUG  ]  Template    : default
[2024-06-26 20:50:37,814] multiqc                                            [DEBUG  ]  Running Python 3.9.12 (main, Aug 29 2022, 00:54:58)  [GCC 11.2.0]
[2024-06-26 20:50:37,815] multiqc                                            [DEBUG  ]  Analysing modules: custom_content, ccs, ngsderive, purple, conpair, lima, peddy, somalier, methylQA, mosdepth, phantompeakqualtools, qualimap, preseq, quast, qorts, rna_seqc, rockhopper, rsem, rseqc, busco, bustools, goleft_indexcov, gffcompare, disambiguate, supernova, deeptools, sargasso, verifybamid, mirtrace, happy, mirtop, sambamba, homer, hops, macs2, theta2, snpeff, gatk, htseq, bcftools, featureCounts, fgbio, dragen, dedup, pbmarkdup, damageprofiler, biobambam2, jcvi, mtnucratio, picard, vep, sentieon, prokka, qc3C, nanostat, samblaster, samtools, sexdeterrmine, eigenstratdatabasetools, bamtools, jellyfish, vcftools, longranger, stacks, varscan2, snippy, bbmap, bismark, biscuit, hicexplorer, hicup, hicpro, salmon, kallisto, slamdunk, star, hisat2, tophat, bowtie2, bowtie1, snpsplit, odgi, pangolin, kat, leehom, adapterRemoval, clipandmerge, cutadapt, flexbar, kaiju, kraken, malt, trimmomatic, sickle, skewer, sortmerna, biobloomtools, fastq_screen, afterqc, fastp, fastqc, pychopper, pycoqc, minionqc, multivcfanalyzer, clusterflow, checkqc, bcl2fastq, bclconvert, interop, ivar, flash, seqyclean, optitype, whatshap
[2024-06-26 20:50:37,815] multiqc                                            [DEBUG  ]  Using temporary directory for creating report: /tmp/tmp28pobt5e
[2024-06-26 20:50:38,052] multiqc                                            [INFO   ]  Search path : /archive/carpenterlab/pire/pire_sphaeramia_orbicularis_lcwgs/2nd_sequencing_run/fq_fp1_clmp_fp2
[2024-06-26 20:50:55,903] multiqc                                            [DEBUG  ]  Summary of files that were skipped by the search: [skipped_module_specific_max_filesize: 426] // [skipped_no_match: 355] // [skipped_ignore_pattern: 284]
[2024-06-26 20:50:56,941] multiqc.plots.bargraph                             [DEBUG  ]  Using matplotlib version 3.1.2
[2024-06-26 20:50:56,943] multiqc.plots.linegraph                            [DEBUG  ]  Using matplotlib version 3.1.2
[2024-06-26 20:50:56,945] multiqc                                            [DEBUG  ]  No samples found: custom_content
[2024-06-26 20:50:58,903] multiqc.modules.fastp.fastp                        [INFO   ]  Found 71 reports
[2024-06-26 20:51:35,107] multiqc                                            [INFO   ]  Compressing plot data
[2024-06-26 20:51:40,787] multiqc                                            [INFO   ]  Report      : fq_fp1_clmp_fp2/2nd_fastp_report.html
[2024-06-26 20:51:40,787] multiqc                                            [INFO   ]  Data        : fq_fp1_clmp_fp2/2nd_fastp_report_data
[2024-06-26 20:51:40,787] multiqc                                            [DEBUG  ]  Moving data file from '/tmp/tmp28pobt5e/multiqc_data' to 'fq_fp1_clmp_fp2/2nd_fastp_report_data'
[2024-06-26 20:51:41,013] multiqc                                            [INFO   ]  Plots       : fq_fp1_clmp_fp2/2nd_fastp_report_plots
[2024-06-26 20:51:41,014] multiqc                                            [DEBUG  ]  Moving plots directory from '/tmp/tmp28pobt5e/multiqc_plots' to 'fq_fp1_clmp_fp2/2nd_fastp_report_plots'
[2024-06-26 20:51:41,282] multiqc                                            [INFO   ]  MultiQC complete
