[2025-02-08 03:13:16,533] multiqc                                            [DEBUG  ]  This is MultiQC v1.13
[2025-02-08 03:13:16,536] multiqc                                            [DEBUG  ]  Found command line config: {'max_table_rows': 3000}
[2025-02-08 03:13:16,537] multiqc                                            [DEBUG  ]  New config: {'max_table_rows': 3000}
[2025-02-08 03:13:16,537] multiqc                                            [DEBUG  ]  Command used: /opt/conda/bin/multiqc -v -p -ip -f --data-dir --data-format tsv --cl-config max_table_rows: 3000 --filename 1st_fastp_report --outdir fq_fp1 fq_fp1
[2025-02-08 03:13:17,087] multiqc                                            [WARNING]  MultiQC Version v1.27 now available!
[2025-02-08 03:13:17,088] multiqc                                            [DEBUG  ]  Working dir : /archive/carpenterlab/pire/pire_sphaeramia_orbicularis_lcwgs/2nd_sequencing_run
[2025-02-08 03:13:17,088] multiqc                                            [DEBUG  ]  Template    : default
[2025-02-08 03:13:17,088] multiqc                                            [DEBUG  ]  Running Python 3.9.12 (main, Aug 29 2022, 00:54:58)  [GCC 11.2.0]
[2025-02-08 03:13:17,089] multiqc                                            [DEBUG  ]  Analysing modules: custom_content, ccs, ngsderive, purple, conpair, lima, peddy, somalier, methylQA, mosdepth, phantompeakqualtools, qualimap, preseq, quast, qorts, rna_seqc, rockhopper, rsem, rseqc, busco, bustools, goleft_indexcov, gffcompare, disambiguate, supernova, deeptools, sargasso, verifybamid, mirtrace, happy, mirtop, sambamba, homer, hops, macs2, theta2, snpeff, gatk, htseq, bcftools, featureCounts, fgbio, dragen, dedup, pbmarkdup, damageprofiler, biobambam2, jcvi, mtnucratio, picard, vep, sentieon, prokka, qc3C, nanostat, samblaster, samtools, sexdeterrmine, eigenstratdatabasetools, bamtools, jellyfish, vcftools, longranger, stacks, varscan2, snippy, bbmap, bismark, biscuit, hicexplorer, hicup, hicpro, salmon, kallisto, slamdunk, star, hisat2, tophat, bowtie2, bowtie1, snpsplit, odgi, pangolin, kat, leehom, adapterRemoval, clipandmerge, cutadapt, flexbar, kaiju, kraken, malt, trimmomatic, sickle, skewer, sortmerna, biobloomtools, fastq_screen, afterqc, fastp, fastqc, pychopper, pycoqc, minionqc, multivcfanalyzer, clusterflow, checkqc, bcl2fastq, bclconvert, interop, ivar, flash, seqyclean, optitype, whatshap
[2025-02-08 03:13:17,089] multiqc                                            [DEBUG  ]  Using temporary directory for creating report: /tmp/tmp39x6_u8k
[2025-02-08 03:13:17,302] multiqc                                            [INFO   ]  Search path : /archive/carpenterlab/pire/pire_sphaeramia_orbicularis_lcwgs/2nd_sequencing_run/fq_fp1
[2025-02-08 03:13:55,710] multiqc                                            [DEBUG  ]  Summary of files that were skipped by the search: [skipped_module_specific_max_filesize: 852] // [skipped_no_match: 710] // [skipped_ignore_pattern: 568]
[2025-02-08 03:13:57,107] multiqc.plots.bargraph                             [DEBUG  ]  Using matplotlib version 3.1.2
[2025-02-08 03:13:57,108] multiqc.plots.linegraph                            [DEBUG  ]  Using matplotlib version 3.1.2
[2025-02-08 03:13:57,110] multiqc                                            [DEBUG  ]  No samples found: custom_content
[2025-02-08 03:14:02,079] multiqc.modules.fastp.fastp                        [INFO   ]  Found 142 reports
[2025-02-08 03:14:55,232] multiqc                                            [INFO   ]  Compressing plot data
[2025-02-08 03:15:06,633] multiqc                                            [INFO   ]  Report      : fq_fp1/1st_fastp_report.html
[2025-02-08 03:15:06,633] multiqc                                            [INFO   ]  Data        : fq_fp1/1st_fastp_report_data
[2025-02-08 03:15:06,633] multiqc                                            [DEBUG  ]  Moving data file from '/tmp/tmp39x6_u8k/multiqc_data' to 'fq_fp1/1st_fastp_report_data'
[2025-02-08 03:15:06,805] multiqc                                            [INFO   ]  Plots       : fq_fp1/1st_fastp_report_plots
[2025-02-08 03:15:06,805] multiqc                                            [DEBUG  ]  Moving plots directory from '/tmp/tmp39x6_u8k/multiqc_plots' to 'fq_fp1/1st_fastp_report_plots'
[2025-02-08 03:15:07,646] multiqc                                            [INFO   ]  MultiQC complete
