[2024-07-08 19:38:16,004] multiqc                                            [DEBUG  ]  This is MultiQC v1.13
[2024-07-08 19:38:16,007] multiqc                                            [DEBUG  ]  Found command line config: {'max_table_rows': 3000}
[2024-07-08 19:38:16,007] multiqc                                            [DEBUG  ]  New config: {'max_table_rows': 3000}
[2024-07-08 19:38:16,007] multiqc                                            [DEBUG  ]  Command used: /opt/conda/bin/multiqc -v -p -ip -f --data-dir --data-format tsv --cl-config max_table_rows: 3000 --filename fastq_screen_report --outdir fq_fp1_clmp_fp2_fqscrn fq_fp1_clmp_fp2_fqscrn
[2024-07-08 19:38:16,793] multiqc                                            [WARNING]  MultiQC Version v1.22.3 now available!
[2024-07-08 19:38:16,793] multiqc                                            [DEBUG  ]  Working dir : /archive/carpenterlab/pire/pire_sphaeramia_orbicularis_lcwgs/2nd_sequencing_run
[2024-07-08 19:38:16,793] multiqc                                            [DEBUG  ]  Template    : default
[2024-07-08 19:38:16,793] multiqc                                            [DEBUG  ]  Running Python 3.9.12 (main, Aug 29 2022, 00:54:58)  [GCC 11.2.0]
[2024-07-08 19:38:16,794] multiqc                                            [DEBUG  ]  Analysing modules: custom_content, ccs, ngsderive, purple, conpair, lima, peddy, somalier, methylQA, mosdepth, phantompeakqualtools, qualimap, preseq, quast, qorts, rna_seqc, rockhopper, rsem, rseqc, busco, bustools, goleft_indexcov, gffcompare, disambiguate, supernova, deeptools, sargasso, verifybamid, mirtrace, happy, mirtop, sambamba, homer, hops, macs2, theta2, snpeff, gatk, htseq, bcftools, featureCounts, fgbio, dragen, dedup, pbmarkdup, damageprofiler, biobambam2, jcvi, mtnucratio, picard, vep, sentieon, prokka, qc3C, nanostat, samblaster, samtools, sexdeterrmine, eigenstratdatabasetools, bamtools, jellyfish, vcftools, longranger, stacks, varscan2, snippy, bbmap, bismark, biscuit, hicexplorer, hicup, hicpro, salmon, kallisto, slamdunk, star, hisat2, tophat, bowtie2, bowtie1, snpsplit, odgi, pangolin, kat, leehom, adapterRemoval, clipandmerge, cutadapt, flexbar, kaiju, kraken, malt, trimmomatic, sickle, skewer, sortmerna, biobloomtools, fastq_screen, afterqc, fastp, fastqc, pychopper, pycoqc, minionqc, multivcfanalyzer, clusterflow, checkqc, bcl2fastq, bclconvert, interop, ivar, flash, seqyclean, optitype, whatshap
[2024-07-08 19:38:16,794] multiqc                                            [DEBUG  ]  Using temporary directory for creating report: /tmp/tmpb_qpmzej
[2024-07-08 19:38:17,016] multiqc                                            [INFO   ]  Search path : /archive/carpenterlab/pire/pire_sphaeramia_orbicularis_lcwgs/2nd_sequencing_run/fq_fp1_clmp_fp2_fqscrn
[2024-07-08 19:40:19,978] multiqc                                            [DEBUG  ]  Summary of files that were skipped by the search: [skipped_module_specific_max_filesize: 1876] // [skipped_no_match: 580] // [skipped_ignore_pattern: 287]
[2024-07-08 19:40:21,477] multiqc.plots.bargraph                             [DEBUG  ]  Using matplotlib version 3.1.2
[2024-07-08 19:40:21,478] multiqc.plots.linegraph                            [DEBUG  ]  Using matplotlib version 3.1.2
[2024-07-08 19:40:21,481] multiqc                                            [DEBUG  ]  No samples found: custom_content
[2024-07-08 19:40:21,497] multiqc.modules.snippy.snippy                      [INFO   ]  Found 1 reports
[2024-07-08 19:40:21,498] multiqc.plots.bargraph                             [WARNING]  Tried to make bar plot, but had no data: snippy_variants
[2024-07-08 19:40:22,893] multiqc.modules.fastq_screen.fastq_screen          [INFO   ]  Found 142 reports
[2024-07-08 19:40:52,247] multiqc                                            [INFO   ]  Compressing plot data
[2024-07-08 19:40:52,286] multiqc                                            [WARNING]  Deleting    : fq_fp1_clmp_fp2_fqscrn/fastq_screen_report.html   (-f was specified)
[2024-07-08 19:40:52,288] multiqc                                            [WARNING]  Deleting    : fq_fp1_clmp_fp2_fqscrn/fastq_screen_report_data   (-f was specified)
[2024-07-08 19:40:52,292] multiqc                                            [WARNING]  Deleting    : fq_fp1_clmp_fp2_fqscrn/fastq_screen_report_plots   (-f was specified)
[2024-07-08 19:40:53,811] multiqc                                            [INFO   ]  Report      : fq_fp1_clmp_fp2_fqscrn/fastq_screen_report.html
[2024-07-08 19:40:53,811] multiqc                                            [INFO   ]  Data        : fq_fp1_clmp_fp2_fqscrn/fastq_screen_report_data
[2024-07-08 19:40:53,811] multiqc                                            [DEBUG  ]  Moving data file from '/tmp/tmpb_qpmzej/multiqc_data' to 'fq_fp1_clmp_fp2_fqscrn/fastq_screen_report_data'
[2024-07-08 19:40:54,419] multiqc                                            [INFO   ]  Plots       : fq_fp1_clmp_fp2_fqscrn/fastq_screen_report_plots
[2024-07-08 19:40:54,419] multiqc                                            [DEBUG  ]  Moving plots directory from '/tmp/tmpb_qpmzej/multiqc_plots' to 'fq_fp1_clmp_fp2_fqscrn/fastq_screen_report_plots'
[2024-07-08 19:40:56,190] multiqc                                            [INFO   ]  MultiQC complete
